2017-07-16 13:59:32,190 CRIT Supervisor running as root (no user in config file)
2017-07-16 13:59:32,190 WARN Included extra file "/etc/supervisor/conf.d/supervisord.conf" during parsing
2017-07-16 13:59:32,208 INFO RPC interface 'supervisor' initialized
2017-07-16 13:59:32,209 CRIT Server 'unix_http_server' running without any HTTP authentication checking
2017-07-16 13:59:32,209 INFO supervisord started with pid 1
2017-07-16 13:59:33,213 INFO spawned: 'varnishd' with pid 7
2017-07-16 13:59:33,216 INFO spawned: 'php-fpm' with pid 8
2017-07-16 13:59:33,230 INFO spawned: 'varnish-plugins-watcher' with pid 9
2017-07-16 13:59:33,237 INFO spawned: 'nginx' with pid 10
2017-07-16 13:59:33,241 INFO spawned: 'MailHog' with pid 11
2017-07-16 13:59:33,250 INFO spawned: 'mysql' with pid 12
2017-07-16 13:59:33,262 INFO spawned: 'varnish-themes-watcher' with pid 15
2017-07-16 13:59:34,245 INFO success: varnishd entered RUNNING state, process has stayed up for > than 1 seconds (startsecs)
2017-07-16 13:59:34,245 INFO success: php-fpm entered RUNNING state, process has stayed up for > than 1 seconds (startsecs)
2017-07-16 13:59:34,245 INFO success: varnish-plugins-watcher entered RUNNING state, process has stayed up for > than 1 seconds (startsecs)
2017-07-16 13:59:34,245 INFO success: nginx entered RUNNING state, process has stayed up for > than 1 seconds (startsecs)
2017-07-16 13:59:34,246 INFO success: MailHog entered RUNNING state, process has stayed up for > than 1 seconds (startsecs)
2017-07-16 13:59:34,246 INFO success: mysql entered RUNNING state, process has stayed up for > than 1 seconds (startsecs)
2017-07-16 13:59:35,247 INFO success: varnish-themes-watcher entered RUNNING state, process has stayed up for > than 1 seconds (startsecs)
2017-07-16 14:06:41,581 INFO exited: varnishd (exit status 0; expected)
2017-07-16 14:06:42,586 INFO spawned: 'varnishd' with pid 336
2017-07-16 14:06:44,362 INFO success: varnishd entered RUNNING state, process has stayed up for > than 1 seconds (startsecs)
2017-07-16 14:13:14,102 INFO exited: varnish-plugins-watcher (exit status 0; expected)
2017-07-16 14:13:15,107 INFO spawned: 'varnish-plugins-watcher' with pid 563
2017-07-16 14:13:16,109 INFO success: varnish-plugins-watcher entered RUNNING state, process has stayed up for > than 1 seconds (startsecs)
2017-07-18 13:59:45,950 INFO exited: varnish-plugins-watcher (exit status 0; expected)
2017-07-18 13:59:46,956 INFO spawned: 'varnish-plugins-watcher' with pid 600
2017-07-18 13:59:47,958 INFO success: varnish-plugins-watcher entered RUNNING state, process has stayed up for > than 1 seconds (startsecs)
2017-07-23 17:30:08,416 INFO exited: varnish-plugins-watcher (exit status 0; expected)
2017-07-23 17:30:09,423 INFO spawned: 'varnish-plugins-watcher' with pid 707
2017-07-23 17:30:10,427 INFO success: varnish-plugins-watcher entered RUNNING state, process has stayed up for > than 1 seconds (startsecs)
2017-07-23 18:20:22,013 INFO exited: varnish-plugins-watcher (exit status 0; expected)
2017-07-23 18:20:23,019 INFO spawned: 'varnish-plugins-watcher' with pid 765
2017-07-23 18:20:24,023 INFO success: varnish-plugins-watcher entered RUNNING state, process has stayed up for > than 1 seconds (startsecs)
2017-07-29 14:38:17,434 INFO exited: varnish-plugins-watcher (exit status 0; expected)
2017-07-29 14:38:18,439 INFO spawned: 'varnish-plugins-watcher' with pid 1051
2017-07-29 14:38:19,442 INFO success: varnish-plugins-watcher entered RUNNING state, process has stayed up for > than 1 seconds (startsecs)
